<?xml version="1.0" encoding="UTF-8"?>
<!-- Generated by org.testng.reporters.JUnitXMLReporter -->
<testsuite hostname="C40SF46MALBERT" ignored="3" name="Driver Test" tests="1" failures="1" timestamp="27 Dec 2018 14:52:47 GMT" time="39.011" errors="0">
  <testcase name="addDriver" time="29.457" classname="com.mal.ScreenScripts.Drivers">
    <failure type="org.openqa.selenium.TimeoutException" message="Expected condition failed: waiting for visibility of element located by By.xpath: .//*[@id=&amp;apos;activeInd_panel&amp;apos;]/div[2]/ul/li[text(),&amp;apos;INACTIVE&amp;apos;] (tried for 10 second(s) with 500 milliseconds interval)">
      <![CDATA[org.openqa.selenium.TimeoutException: Expected condition failed: waiting for visibility of element located by By.xpath: .//*[@id='activeInd_panel']/div[2]/ul/li[text(),'INACTIVE'] (tried for 10 second(s) with 500 milliseconds interval)
at org.openqa.selenium.support.ui.WebDriverWait.timeoutException(WebDriverWait.java:81)
at org.openqa.selenium.support.ui.FluentWait.until(FluentWait.java:271)
at com.mal.commonPageObjects.WebElements.byXpath(WebElements.java:24)
at com.mal.pageObjects.DriversPageObjects.lstActIndOptions(DriversPageObjects.java:233)
at com.mal.commonModule.DriversModule.addDriver(DriversModule.java:364)
at com.mal.ScreenScripts.Drivers.addDriver(Drivers.java:16)
Caused by: org.openqa.selenium.InvalidSelectorException: invalid selector: Unable to locate an element with the xpath expression .//*[@id='activeInd_panel']/div[2]/ul/li[text(),'INACTIVE'] because of the following error:
SyntaxError: Failed to execute 'evaluate' on 'Document': The string './/*[@id='activeInd_panel']/div[2]/ul/li[text(),'INACTIVE']' is not a valid XPath expression.
  (Session info: chrome=71.0.3578.98)
  (Driver info: chromedriver=72.0.3626.7 (efcef9a3ecda02b2132af215116a03852d08b9cb),platform=Windows NT 10.0.16299 x86_64) (WARNING: The server did not provide any stacktrace information)
Command duration or timeout: 0 milliseconds
For documentation on this error, please visit: http://seleniumhq.org/exceptions/invalid_selector_exception.html
Build info: version: '3.12.0', revision: '7c6e0b3', time: '2018-05-08T15:15:03.216Z'
System info: host: 'C40SF46MALBERT', ip: '172.16.201.66', os.name: 'Windows 10', os.arch: 'amd64', os.version: '10.0', java.version: '1.8.0_60'
Driver info: org.openqa.selenium.chrome.ChromeDriver
Capabilities {acceptInsecureCerts: false, acceptSslCerts: false, applicationCacheEnabled: false, browserConnectionEnabled: false, browserName: chrome, chrome: {chromedriverVersion: 72.0.3626.7 (efcef9a3ecda02..., userDataDir: C:\Users\GAURAV~1.RAJ\AppDa...}, cssSelectorsEnabled: true, databaseEnabled: false, goog:chromeOptions: {debuggerAddress: localhost:60014}, handlesAlerts: true, hasTouchScreen: false, javascriptEnabled: true, locationContextEnabled: true, mobileEmulationEnabled: false, nativeEvents: true, networkConnectionEnabled: false, pageLoadStrategy: normal, platform: XP, platformName: XP, proxy: Proxy(), rotatable: false, setWindowRect: true, takesHeapSnapshot: true, takesScreenshot: true, timeouts: {implicit: 0, pageLoad: 300000, script: 30000}, unexpectedAlertBehaviour: ignore, unhandledPromptBehavior: ignore, version: 71.0.3578.98, webStorageEnabled: true}
Session ID: bf1b21d13ebb3d4bf0572a077ba51572
*** Element info: {Using=xpath, value=.//*[@id='activeInd_panel']/div[2]/ul/li[text(),'INACTIVE']}
at org.openqa.selenium.remote.ErrorHandler.createThrowable(ErrorHandler.java:214)
at org.openqa.selenium.remote.ErrorHandler.throwIfResponseFailed(ErrorHandler.java:166)
at org.openqa.selenium.remote.http.JsonHttpResponseCodec.reconstructValue(JsonHttpResponseCodec.java:40)
at org.openqa.selenium.remote.http.AbstractHttpResponseCodec.decode(AbstractHttpResponseCodec.java:80)
at org.openqa.selenium.remote.http.AbstractHttpResponseCodec.decode(AbstractHttpResponseCodec.java:44)
at org.openqa.selenium.remote.HttpCommandExecutor.execute(HttpCommandExecutor.java:158)
at org.openqa.selenium.remote.service.DriverCommandExecutor.execute(DriverCommandExecutor.java:83)
at org.openqa.selenium.remote.RemoteWebDriver.execute(RemoteWebDriver.java:543)
at org.openqa.selenium.remote.RemoteWebDriver.findElements(RemoteWebDriver.java:344)
at org.openqa.selenium.remote.RemoteWebDriver.findElementsByXPath(RemoteWebDriver.java:423)
at org.openqa.selenium.By$ByXPath.findElements(By.java:348)
at org.openqa.selenium.remote.RemoteWebDriver.findElements(RemoteWebDriver.java:305)
at org.openqa.selenium.support.ui.ExpectedConditions.findElement(ExpectedConditions.java:895)
at org.openqa.selenium.support.ui.ExpectedConditions.access$000(ExpectedConditions.java:44)
at org.openqa.selenium.support.ui.ExpectedConditions$7.apply(ExpectedConditions.java:206)
at org.openqa.selenium.support.ui.ExpectedConditions$7.apply(ExpectedConditions.java:202)
at org.openqa.selenium.support.ui.FluentWait.until(FluentWait.java:248)
... 29 more
... Removed 28 stack frames]]>
    </failure>
  </testcase> <!-- addDriver -->
  <testcase name="allocateDriver" time="0.0" classname="com.mal.ScreenScripts.Drivers">
    <ignored/>
  </testcase> <!-- allocateDriver -->
  <testcase name="editDriver" time="0.0" classname="com.mal.ScreenScripts.Drivers">
    <ignored/>
  </testcase> <!-- editDriver -->
  <testcase name="viewDriver" time="0.0" classname="com.mal.ScreenScripts.Drivers">
    <ignored/>
  </testcase> <!-- viewDriver -->
</testsuite> <!-- Driver Test -->
