<?xml version="1.0" encoding="UTF-8"?>
<testng-results skipped="0" failed="1" ignored="2" total="3" passed="0">
  <reporter-output>
  </reporter-output>
  <suite name="Regression Suite" duration-ms="86305" started-at="2018-12-10T07:47:43Z" finished-at="2018-12-10T07:49:09Z">
    <groups>
      <group name="ProdUnSafe">
        <method signature="Drivers.editDriver()[pri:0, instance:com.mal.scripts.Drivers@4dfa3a9d]" name="editDriver" class="com.mal.scripts.Drivers"/>
      </group> <!-- ProdUnSafe -->
      <group name="DR001">
        <method signature="Drivers.editDriver()[pri:0, instance:com.mal.scripts.Drivers@4dfa3a9d]" name="editDriver" class="com.mal.scripts.Drivers"/>
      </group> <!-- DR001 -->
    </groups>
    <test name="Driver Test" duration-ms="86305" started-at="2018-12-10T07:47:43Z" finished-at="2018-12-10T07:49:09Z">
      <class name="com.mal.scripts.Drivers">
        <test-method status="PASS" signature="beforeSuite(java.lang.String)[pri:0, instance:com.mal.scripts.Drivers@4dfa3a9d]" name="beforeSuite" is-config="true" duration-ms="4018" started-at="2018-12-10T07:47:39Z" finished-at="2018-12-10T07:47:43Z">
          <params>
            <param index="0">
              <value>
                <![CDATA[Chrome]]>
              </value>
            </param>
          </params>
          <reporter-output>
          </reporter-output>
        </test-method> <!-- beforeSuite -->
        <test-method status="PASS" signature="beforeTest(java.lang.String, java.lang.String, java.lang.String)[pri:0, instance:com.mal.scripts.Drivers@4dfa3a9d]" name="beforeTest" is-config="true" duration-ms="9471" started-at="2018-12-10T07:47:43Z" finished-at="2018-12-10T07:47:52Z">
          <params>
            <param index="0">
              <value>
                <![CDATA[rajput]]>
              </value>
            </param>
            <param index="1">
              <value>
                <![CDATA[123@wxyz]]>
              </value>
            </param>
            <param index="2">
              <value>
                <![CDATA[http://vis-qa2/vision/login.xhtml]]>
              </value>
            </param>
          </params>
          <reporter-output>
          </reporter-output>
        </test-method> <!-- beforeTest -->
        <test-method status="FAIL" signature="editDriver()[pri:0, instance:com.mal.scripts.Drivers@4dfa3a9d]" name="editDriver" duration-ms="76789" started-at="2018-12-10T07:47:52Z" description="TC#2" finished-at="2018-12-10T07:49:09Z">
          <exception class="org.openqa.selenium.TimeoutException">
            <message>
              <![CDATA[Expected condition failed: waiting for visibility of element located by By.xpath: .//*[@id='costCentreCode_panel']/div/ul/li[contains(text(),'959-959')] (tried for 10 second(s) with 500 milliseconds interval)]]>
            </message>
            <full-stacktrace>
              <![CDATA[org.openqa.selenium.TimeoutException: Expected condition failed: waiting for visibility of element located by By.xpath: .//*[@id='costCentreCode_panel']/div/ul/li[contains(text(),'959-959')] (tried for 10 second(s) with 500 milliseconds interval)
at org.openqa.selenium.support.ui.WebDriverWait.timeoutException(WebDriverWait.java:81)
at org.openqa.selenium.support.ui.FluentWait.until(FluentWait.java:271)
at com.mal.commonPageObjects.WebElements.byXpath(WebElements.java:24)
at com.mal.pageObjects.DriversPageObjects.lstCostCenter(DriversPageObjects.java:73)
at com.mal.commonModule.DriversModule.editDriver(DriversModule.java:74)
at com.mal.scripts.Drivers.editDriver(Drivers.java:20)
at sun.reflect.NativeMethodAccessorImpl.invoke0(Native Method)
at sun.reflect.NativeMethodAccessorImpl.invoke(NativeMethodAccessorImpl.java:62)
at sun.reflect.DelegatingMethodAccessorImpl.invoke(DelegatingMethodAccessorImpl.java:43)
at java.lang.reflect.Method.invoke(Method.java:497)
at org.testng.internal.MethodInvocationHelper.invokeMethod(MethodInvocationHelper.java:124)
at org.testng.internal.Invoker.invokeMethod(Invoker.java:583)
at org.testng.internal.Invoker.invokeTestMethod(Invoker.java:719)
at org.testng.internal.Invoker.invokeTestMethods(Invoker.java:989)
at org.testng.internal.TestMethodWorker.invokeTestMethods(TestMethodWorker.java:125)
at org.testng.internal.TestMethodWorker.run(TestMethodWorker.java:109)
at org.testng.TestRunner.privateRun(TestRunner.java:648)
at org.testng.TestRunner.run(TestRunner.java:505)
at org.testng.SuiteRunner.runTest(SuiteRunner.java:455)
at org.testng.SuiteRunner.runSequentially(SuiteRunner.java:450)
at org.testng.SuiteRunner.privateRun(SuiteRunner.java:415)
at org.testng.SuiteRunner.run(SuiteRunner.java:364)
at org.testng.SuiteRunnerWorker.runSuite(SuiteRunnerWorker.java:52)
at org.testng.SuiteRunnerWorker.run(SuiteRunnerWorker.java:84)
at org.testng.TestNG.runSuitesSequentially(TestNG.java:1208)
at org.testng.TestNG.runSuitesLocally(TestNG.java:1137)
at org.testng.TestNG.runSuites(TestNG.java:1049)
at org.testng.TestNG.run(TestNG.java:1017)
at org.testng.remote.AbstractRemoteTestNG.run(AbstractRemoteTestNG.java:114)
at org.testng.remote.RemoteTestNG.initAndRun(RemoteTestNG.java:251)
at org.testng.remote.RemoteTestNG.main(RemoteTestNG.java:77)
Caused by: org.openqa.selenium.NoSuchElementException: Cannot locate an element using By.xpath: .//*[@id='costCentreCode_panel']/div/ul/li[contains(text(),'959-959')]
For documentation on this error, please visit: http://seleniumhq.org/exceptions/no_such_element.html
Build info: version: '3.12.0', revision: '7c6e0b3', time: '2018-05-08T15:15:03.216Z'
System info: host: 'C40SF46MALBERT', ip: '172.16.201.136', os.name: 'Windows 10', os.arch: 'amd64', os.version: '10.0', java.version: '1.8.0_60'
Driver info: driver.version: unknown
at org.openqa.selenium.support.ui.ExpectedConditions.lambda$findElement$0(ExpectedConditions.java:896)
at java.util.Optional.orElseThrow(Optional.java:290)
at org.openqa.selenium.support.ui.ExpectedConditions.findElement(ExpectedConditions.java:895)
at org.openqa.selenium.support.ui.ExpectedConditions.access$000(ExpectedConditions.java:44)
at org.openqa.selenium.support.ui.ExpectedConditions$7.apply(ExpectedConditions.java:206)
at org.openqa.selenium.support.ui.ExpectedConditions$7.apply(ExpectedConditions.java:202)
at org.openqa.selenium.support.ui.FluentWait.until(FluentWait.java:248)
... 29 more
]]>
            </full-stacktrace>
          </exception> <!-- org.openqa.selenium.TimeoutException -->
          <reporter-output>
          </reporter-output>
        </test-method> <!-- editDriver -->
        <test-method status="PASS" signature="afterMethod()[pri:0, instance:com.mal.scripts.Drivers@4dfa3a9d]" name="afterMethod" is-config="true" duration-ms="0" started-at="2018-12-10T07:49:09Z" finished-at="2018-12-10T07:49:09Z">
          <reporter-output>
          </reporter-output>
        </test-method> <!-- afterMethod -->
      </class> <!-- com.mal.scripts.Drivers -->
    </test> <!-- Driver Test -->
  </suite> <!-- Regression Suite -->
</testng-results>
